0000              1   ; clk_v3.asm: Displays seconds, minuts, and hours in HEX2 to HEX7
0000              2   ; We can set the time by flipping SW0 and using KEY.3, KEY.2, KEY.1
0000              3   ; to increment the Hours, Minutes, and Seconds.
0000              4   
                 -1   $MODDE2
0000              1   ;  MODDDE2: Register definition for DE2-8052 softcore
0000              2   ;
0000              3   ;   Copyright (C) 2011  Jesus Calvino-Fraga, jesusc at ece.ubc.ca
0000              4   ;
0000              5   ;   This library is free software; you can redistribute it and/or
0000              6   ;   modify it under the terms of the GNU Lesser General Public
0000              7   ;   License as published by the Free Software Foundation; either
0000              8   ;   version 2.1 of the License, or (at your option) any later version.
0000              9   ;
0000             10   ;   This library is distributed in the hope that it will be useful,
0000             11   ;   but WITHOUT ANY WARRANTY; without even the implied warranty of
0000             12   ;   MERCHANTABILITY or FITNESS FOR A PARTICULAR PURPOSE.  See the GNU
0000             13   ;   Lesser General Public License for more details.
0000             14   ;
0000             15   ;   You should have received a copy of the GNU Lesser General Public
0000             16   ;   License along with this library; if not, write to the Free Software
0000             17   ;   Foundation, Inc., 59 Temple Place, Suite 330, Boston, MA  02111-1307 USA
0000             18   ;
0000             19       
0000             20   P0     DATA  080H  ;PORT 0
0000             21   SP     DATA  081H  ;STACK POINTER
0000             22   DPL    DATA  082H  ;DATA POINTER - LOW BYTE
0000             23   DPH    DATA  083H  ;DATA POINTER - HIGH BYTE
0000             24   PCON   DATA  087H  ;POWER CONTROL
0000             25   TCON   DATA  088H  ;TIMER CONTROL
0000             26   TMOD   DATA  089H  ;TIMER MODE
0000             27   TL0    DATA  08AH  ;TIMER 0 - LOW BYTE
0000             28   TL1    DATA  08BH  ;TIMER 1 - LOW BYTE
0000             29   TH0    DATA  08CH  ;TIMER 0 - HIGH BYTE
0000             30   TH1    DATA  08DH  ;TIMER 1 - HIGH BYTE
0000             31   P1     DATA  090H  ;PORT 1
0000             32   SCON   DATA  098H  ;SERIAL PORT CONTROL
0000             33   SBUF   DATA  099H  ;SERIAL PORT BUFFER
0000             34   P2     DATA  0A0H  ;PORT 2
0000             35   IE     DATA  0A8H  ;INTERRUPT ENABLE
0000             36   P3     DATA  0B0H  ;PORT 3
0000             37   IP     DATA  0B8H  ;INTERRUPT PRIORITY
0000             38   T2CON  DATA  0C8H  ;TIMER 2 CONTROL
0000             39   T2MOD  DATA  0C9H  ;TIMER 2 MODE
0000             40   RCAP2L DATA  0CAH  ;TIMER 2 CAPTURE REGISTER - LOW BYTE
0000             41   RCAP2H DATA  0CBH  ;TIMER 2 CAPTURE REGISTER - HIGH BYTE
0000             42   TL2    DATA  0CCH  ;TIMER 2 - LOW BYTE
0000             43   TH2    DATA  0CDH  ;TIMER 2 - HIGH BYTE
0000             44   PSW    DATA  0D0H  ;PROGRAM STATUS WORD
0000             45   ACC    DATA  0E0H  ;ACCUMULATOR
0000             46   B      DATA  0F0H  ;MULTIPLICATION REGISTER
0000             47   IT0    BIT   088H  ;TCON.0 - EXT. INTERRUPT 0 TYPE
0000             48   IE0    BIT   089H  ;TCON.1 - EXT. INTERRUPT 0 EDGE FLAG
0000             49   IT1    BIT   08AH  ;TCON.2 - EXT. INTERRUPT 1 TYPE
0000             50   IE1    BIT   08BH  ;TCON.3 - EXT. INTERRUPT 1 EDGE FLAG
0000             51   TR0    BIT   08CH  ;TCON.4 - TIMER 0 ON/OFF CONTROL
0000             52   TF0    BIT   08DH  ;TCON.5 - TIMER 0 OVERFLOW FLAG
0000             53   TR1    BIT   08EH  ;TCON.6 - TIMER 1 ON/OFF CONTROL
0000             54   TF1    BIT   08FH  ;TCON.7 - TIMER 1 OVERFLOW FLAG
0000             55   RI     BIT   098H  ;SCON.0 - RECEIVE INTERRUPT FLAG
0000             56   TI     BIT   099H  ;SCON.1 - TRANSMIT INTERRUPT FLAG
0000             57   RB8    BIT   09AH  ;SCON.2 - RECEIVE BIT 8
0000             58   TB8    BIT   09BH  ;SCON.3 - TRANSMIT BIT 8
0000             59   REN    BIT   09CH  ;SCON.4 - RECEIVE ENABLE
0000             60   SM2    BIT   09DH  ;SCON.5 - SERIAL MODE CONTROL BIT 2
0000             61   SM1    BIT   09EH  ;SCON.6 - SERIAL MODE CONTROL BIT 1
0000             62   SM0    BIT   09FH  ;SCON.7 - SERIAL MODE CONTROL BIT 0
0000             63   EX0    BIT   0A8H  ;IE.0 - EXTERNAL INTERRUPT 0 ENABLE
0000             64   ET0    BIT   0A9H  ;IE.1 - TIMER 0 INTERRUPT ENABLE
0000             65   EX1    BIT   0AAH  ;IE.2 - EXTERNAL INTERRUPT 1 ENABLE
0000             66   ET1    BIT   0ABH  ;IE.3 - TIMER 1 INTERRUPT ENABLE
0000             67   ES     BIT   0ACH  ;IE.4 - SERIAL PORT INTERRUPT ENABLE
0000             68   ET2    BIT   0ADH  ;IE.5 - TIMER 2 INTERRUPT ENABLE
0000             69   EA     BIT   0AFH  ;IE.7 - GLOBAL INTERRUPT ENABLE
0000             70   RXD    BIT   0B0H  ;P3.0 - SERIAL PORT RECEIVE INPUT
0000             71   TXD    BIT   0B1H  ;P3.1 - SERIAL PORT TRANSMIT OUTPUT
0000             72   INT0   BIT   0B2H  ;P3.2 - EXTERNAL INTERRUPT 0 INPUT
0000             73   INT1   BIT   0B3H  ;P3.3 - EXTERNAL INTERRUPT 1 INPUT
0000             74   T0     BIT   0B4H  ;P3.4 - TIMER 0 COUNT INPUT
0000             75   T1     BIT   0B5H  ;P3.5 - TIMER 1 COUNT INPUT
0000             76   WR     BIT   0B6H  ;P3.6 - WRITE CONTROL FOR EXT. MEMORY
0000             77   RD     BIT   0B7H  ;P3.7 - READ CONTROL FOR EXT. MEMORY
0000             78   PX0    BIT   0B8H  ;IP.0 - EXTERNAL INTERRUPT 0 PRIORITY
0000             79   PT0    BIT   0B9H  ;IP.1 - TIMER 0 PRIORITY
0000             80   PX1    BIT   0BAH  ;IP.2 - EXTERNAL INTERRUPT 1 PRIORITY
0000             81   PT1    BIT   0BBH  ;IP.3 - TIMER 1 PRIORITY
0000             82   PS     BIT   0BCH  ;IP.4 - SERIAL PORT PRIORITY
0000             83   PT2    BIT   0BDH  ;IP.5 - TIMER 2 PRIORITY
0000             84   CAP2   BIT   0C8H  ;T2CON.0 - CAPTURE OR RELOAD SELECT
0000             85   CNT2   BIT   0C9H  ;T2CON.1 - TIMER OR COUNTER SELECT
0000             86   TR2    BIT   0CAH  ;T2CON.2 - TIMER 2 ON/OFF CONTROL
0000             87   EXEN2  BIT   0CBH  ;T2CON.3 - TIMER 2 EXTERNAL ENABLE FLAG
0000             88   TCLK   BIT   0CCH  ;T2CON.4 - TRANSMIT CLOCK SELECT
0000             89   RCLK   BIT   0CDH  ;T2CON.5 - RECEIVE CLOCK SELECTT
0000             90   EXF2   BIT   0CEH  ;T2CON.6 - EXTERNAL TRANSITION FLAG
0000             91   TF2    BIT   0CFH  ;T2CON.7 - TIMER 2 OVERFLOW FLAG
0000             92   P      BIT   0D0H  ;PSW.0 - ACCUMULATOR PARITY FLAG
0000             93   OV     BIT   0D2H  ;PSW.2 - OVERFLOW FLAG
0000             94   RS0    BIT   0D3H  ;PSW.3 - REGISTER BANK SELECT 0
0000             95   RS1    BIT   0D4H  ;PSW.4 - REGISTER BANK SELECT 1
0000             96   F0     BIT   0D5H  ;PSW.5 - FLAG 0
0000             97   AC     BIT   0D6H  ;PSW.6 - AUXILIARY CARRY FLAG
0000             98   CY     BIT   0D7H  ;PSW.7 - CARRY FLAG
0000             99   
0000            100   ; For the altera DE2 configured with an 8051/8052 softcore processor
0000            101   ; we have the following extra registers:
0000            102   
0000            103   HEX0   DATA  091H ; Zero turns the segment on
0000            104   HEX1   DATA  092H ; 
0000            105   HEX2   DATA  093H ; 
0000            106   HEX3   DATA  094H ; 
0000            107   HEX4   DATA  08EH ;
0000            108   HEX5   DATA  08FH ;
0000            109   HEX6   DATA  096H ;
0000            110   HEX7   DATA  097H ;
0000            111   
0000            112   P0MOD  DATA  09AH ; Input/output mode bits for port 0.  '1' sets the port to output mode.
0000            113   P1MOD  DATA  09BH ; Input/output mode bits for port 1
0000            114   P2MOD  DATA  09CH ; Input/output mode bits for port 2
0000            115   P3MOD  DATA  09DH ; Input/output mode bits for port 3
0000            116   
0000            117   LEDRA  DATA  0E8H ; LEDs LEDR0 to LEDR7 (bit addressable, ex: LEDRA.1 for LEDR1)
0000            118   LEDRB  DATA  095H ; LEDs LEDR8 to LEDR15
0000            119   LEDRC  DATA  09EH ; LEDs LEDR16, LEDR15, and LEDG8
0000            120   LEDG   DATA  0F8H ; LEDs LEDG0 to LEDG7 (bit addressable, ex: LEDG.3 for LEDG3)
0000            121   SWA    DATA  0E8H ; Switches SW0 to SW7 (bit addressable, ex: SWA.1 for SW1)
0000            122   SWB    DATA  095H ; Switches SW8 to SW15
0000            123   SWC    DATA  09EH ; Switches SW16 and SW17
0000            124   KEY    DATA  0F8H ; KEY1=KEY.1, KEY2=KEY.2, KEY3=KEY.3.  KEY0 is the reset button! 
0000            125   
0000            126   LCD_CMD   DATA 0D8H ;
0000            127   LCD_DATA  DATA 0D9H ;
0000            128   LCD_MOD   DATA 0DAH ; Write 0xff to make LCD_DATA an output
0000            129   LCD_RW    BIT  0D8H ; '0' writes to LCD
0000            130   LCD_EN    BIT  0D9H ; Toggle from '1' to '0'
0000            131   LCD_RS    BIT  0DAH ; '0' for commands, '1' for data
0000            132   LCD_ON    BIT  0DBH ; Write '1' to power the LCD
0000            133   LCD_BLON  BIT  0DCH ; Write '1' to turn on back light
0000            134   
0000            135   FLASH_CMD  data 0DBH ; The control bits of the flash memory:
0000            136   ; bit 0: FL_RST_N  Set to 1 for normal operation
0000            137   ; bit 1: FL_WE_N
0000            138   ; bit 2: FL_OE_N
0000            139   ; bit 3: FL_CE_N
0000            140   FLASH_DATA data 0DCH ; 8-bit data bus of flash memory.
0000            141   FLASH_MOD  data 0DDH ; 0xff makes FLASH_DATA output.  0x00 makes FLASH_DATA input.
0000            142   FLASH_ADD0 data 0E1H ; address bits 0 to 7.
0000            143   FLASH_ADD1 data 0E2H ; address bits 8 to 15.
0000            144   FLASH_ADD2 data 0E3H ; address bits 16 to 21.
0000            145   
0000              6   
0000              7   org 0000H
0000 02012B       8            ljmp myprogram
0003              9            
000B             10   org 000BH
000B 020019      11            ljmp ISR_timer0
000E             12            
0030             13   DSEG at 30H
0030             14   count10ms: ds 1
0031             15   seconds:   ds 1
0032             16   minutes:   ds 1
0033             17   hours:     ds 1
0034             18   AlarmCount:      ds 3
0037             19   
0000             20   BSEG
0000             21   meridiem:        dbit 1
0001             22   
000E             23   CSEG
000E             24   
000E             25   ; Look-up table for 7-segment displays
000E             26   myLUT:
000E C0F9A4B0    27       DB 0C0H, 0F9H, 0A4H, 0B0H, 099H
     99
0013 9282F880    28       DB 092H, 082H, 0F8H, 080H, 090H
     90
0018 FF          29       DB 0FFH ; All segments off
0019             30   
0019             31   XTAL           EQU 33333333
0019             32   FREQ           EQU 100
0019             33   TIMER0_RELOAD  EQU 65538-(XTAL/(12*FREQ))
0019             34   
0019             35   ISR_Timer0:
0019             36            ; Reload the timer
0019 758C93      37       mov TH0, #high(TIMER0_RELOAD)
001C 758A81      38       mov TL0, #low(TIMER0_RELOAD)
001F             39       
001F             40       ; Save used register into the stack
001F C0D0        41       push psw
0021 C0E0        42       push acc
0023 C083        43       push dph
0025 C082        44       push dpl
0027             45       
0027 20E845      46       jb SWA.0, ISR_Timer0_L0 ; Setting up time.  Do not increment anything
002A             47       
002A             48       ; Increment the counter and check if a second has passed
002A 0530        49       inc count10ms
002C E530        50       mov a, count10ms
002E B4643E      51       cjne A, #100, ISR_Timer0_L0
0031 753000      52       mov count10ms, #0
0034             53       
0034 E531        54       mov a, seconds
0036 2401        55       add a, #1
0038 D4          56       da a
0039 F531        57       mov seconds, a
003B B46031      58       cjne A, #60H, ISR_Timer0_L0
003E 753100      59       mov seconds, #0
0041             60   
0041 E532        61       mov a, minutes
0043 2401        62       add a, #1
0045 D4          63       da a
0046 F532        64       mov minutes, a
0048 B46024      65       cjne A, #60H, ISR_Timer0_L0
004B 753200      66       mov minutes, #0
004E             67   
004E E533        68       mov a, hours
0050 2401        69       add a, #1
0052 D4          70       da a
0053 F533        71       mov hours, a
0055 B41211      72       cjne A, #12H, M8
0058             73   CPLMeridiem:
0058 B200        74            cpl meridiem
005A 300003      75            jnb meridiem, AM
005D 200006      76            jb meridiem, PM
0060 759108      77   AM:      mov HEX0, #08H
0063 02006F      78            ljmp ISR_Timer0_L0
0066 75910C      79   PM: mov HEX0, #0CH
0069 B41303      80   M8: cjne A, #13H, ISR_Timer0_L0
006C 753301      81       mov hours, #1
006F             82       
006F             83       
006F             84   ISR_Timer0_L0:
006F 20E935      85            jb SWA.1, do_nothing
0072             86            ; Update the display.  This happens every 10 ms
0072 90000E      87            mov dptr, #myLUT
0075             88   
0075 E531        89            mov a, seconds
0077 540F        90            anl a, #0fH
0079 93          91            movc a, @a+dptr
007A F593        92            mov HEX2, a
007C E531        93            mov a, seconds
007E C4          94            swap a
007F 540F        95            anl a, #0fH
0081 93          96            movc a, @a+dptr
0082 F594        97            mov HEX3, a
0084             98   
0084 E532        99            mov a, minutes
0086 540F       100            anl a, #0fH
0088 93         101            movc a, @a+dptr
0089 F58E       102            mov HEX4, a
008B E532       103            mov a, minutes
008D C4         104            swap a
008E 540F       105            anl a, #0fH
0090 93         106            movc a, @a+dptr
0091 F58F       107            mov HEX5, a
0093            108   
0093 E533       109            mov a, hours
0095 540F       110            anl a, #0fH
0097 93         111            movc a, @a+dptr
0098 F596       112            mov HEX6, a
009A E533       113            mov a, hours
009C 20E402     114            jb acc.4, ISR_Timer0_L1
009F 74A0       115            mov a, #0A0H
00A1            116   ISR_Timer0_L1:
00A1 C4         117            swap a
00A2 540F       118            anl a, #0fH
00A4 93         119            movc a, @a+dptr
00A5 F597       120            mov HEX7, a
00A7            121   
00A7            122            ; Restore used registers
00A7            123   do_nothing:
00A7 D082       124            pop dpl
00A9 D083       125            pop dph
00AB D0E0       126            pop acc
00AD D0D0       127            pop psw    
00AF 32         128            reti
00B0            129   
00B0            130   Init_Timer0:     
00B0 758901     131            mov TMOD,  #00000001B ; GATE=0, C/T*=0, M1=0, M0=1: 16-bit timer
00B3 C28C       132            clr TR0 ; Disable timer 0
00B5 C28D       133            clr TF0
00B7 758C93     134       mov TH0, #high(TIMER0_RELOAD)
00BA 758A81     135       mov TL0, #low(TIMER0_RELOAD)
00BD D28C       136       setb TR0 ; Enable timer 0
00BF D2A9       137       setb ET0 ; Enable timer 0 interrupt
00C1 22         138       ret
00C2            139   
00C2            140   DisplayAlarmVal:
00C2 90000E     141            mov dptr, #myLUT        
00C5            142   ; Display Digit 1
00C5 E534       143            mov A, AlarmCount+0
00C7 540F       144       anl A, #0FH
00C9 93         145       movc A, @A+dptr
00CA F593       146       mov HEX2, A   
00CC            147   ; Display Digit 2
00CC E534       148       mov A, AlarmCount+0
00CE C4         149       swap A
00CF 540F       150       anl A, #0FH
00D1 93         151       movc A, @A+dptr
00D2 F594       152       mov HEX3, A   
00D4            153   ; Display digit 3
00D4 E535       154            mov A, AlarmCount+1
00D6 540F       155            anl A, #0FH
00D8 93         156            movc A, @A+dptr
00D9 F58E       157            mov HEX4, A     
00DB            158   ;Display digit 4
00DB E535       159            mov A, AlarmCount+1
00DD C4         160            swap A
00DE 540F       161            anl A, #0FH
00E0 93         162            movc A, @A+dptr
00E1 F58F       163            mov HEX5, A     
00E3            164   ;Display digit 5
00E3 E536       165            mov A, AlarmCount+2
00E5 540F       166            anl A, #0FH
00E7 93         167            movc A, @A+dptr
00E8 F596       168            mov HEX6, A
00EA            169   ;Display digit 6
00EA E536       170            mov A, AlarmCount+2
00EC C4         171            swap A
00ED 540F       172            anl A, #0FH
00EF 93         173            movc A, @A+dptr
00F0 F597       174            mov HEX7, A
00F2 02010B     175            ljmp SetAlarm
00F5            176   
00F5            177   AMPM:
00F5 E533       178            mov a, hours
00F7 B41210     179            cjne a, #12H, return
00FA B200       180            cpl meridiem
00FC 300003     181            jnb meridiem, ChangeToAM
00FF 200005     182            jb meridiem, ChangeToPM
0102            183   ChangeToAM:
0102 759108     184            mov HEX0, #08H
0105 8003       185            sjmp return
0107            186   ChangeToPM:
0107 75910C     187            mov HEX0, #0CH
010A            188   return:
010A 22         189            ret
010B            190   
010B            191   SetAlarm:
010B 20F917     192            jb KEY.1, M6
010E D2FA       193            setb LEDG.2
0110 30F9FD     194            jnb KEY.1, $
0113 E534       195            mov a, AlarmCount+0
0115 2401       196       add a, #1
0117 D4         197       da a
0118 F534       198       mov AlarmCount+0, a
011A B460A5     199       cjne A, #60H, DisplayAlarmVal
011D 753400     200       mov AlarmCount+0, #0
0120 0200C2     201       ljmp DisplayAlarmVal
0123 C2FA       202            clr LEDG.2
0125 20E9E3     203   M6:      jb SWA.1, SetAlarm
0128 020159     204            ljmp M4
012B            205            
012B            206   myprogram:
012B 75817F     207            mov SP, #7FH
012E 75E800     208            mov LEDRA,#0
0131 759500     209            mov LEDRB,#0
0134 759E00     210            mov LEDRC,#0
0137 75F800     211            mov LEDG,#0
013A            212            
013A 753100     213            mov seconds, #00H
013D 753200     214            mov minutes, #00H
0140 753312     215            mov hours, #12H
0143            216            
0143 753400     217            mov AlarmCount+0, #00H
0146 753500     218            mov AlarmCount+1, #00H
0149 753612     219            mov AlarmCount+2, #12H
014C            220            
014C C200       221            clr meridiem
014E 759108     222            mov HEX0, #08H
0151            223   
0151 1200B0     224            lcall Init_Timer0
0154 D2AF       225       setb EA  ; Enable all interrupts
0156            226   
0156            227   M0:
0156 20E9B2     228            jb SWA.1, SetAlarm
0159 30E8FA     229   M4:      jnb SWA.0, M0
015C 20FB13     230            jb KEY.3, M1
015F 30FBFD     231       jnb KEY.3, $
0162 E533       232       mov a, hours
0164 2401       233            add a, #1
0166 D4         234            da a
0167 F533       235            mov hours, a
0169 1200F5     236            lcall AMPM
016C B41303     237       cjne A, #13H, M1
016F 753301     238       mov hours, #1
0172            239   
0172            240   M1:      
0172 20FA10     241            jb KEY.2, M2
0175 30FAFD     242       jnb KEY.2, $
0178 E532       243       mov a, minutes
017A 2401       244            add a, #1
017C D4         245            da a
017D F532       246            mov minutes, a
017F B46003     247       cjne A, #60H, M2
0182 753201     248       mov minutes, #1
0185            249   
0185            250   M2:      
0185 20F910     251            jb KEY.1, M3
0188 30F9FD     252            jnb KEY.1, $
018B E531       253            mov a, seconds
018D 2401       254            add a, #1
018F D4         255            da a
0190 F531       256            mov seconds, a
0192 B46003     257       cjne A, #60H, M3
0195 753101     258       mov seconds, #1
0198            259   
0198            260   M3:      
0198 020156     261            ljmp M0
019B            262   END
