                 -1   $modde2
0000              1   ;  MODDDE2: Register definition for DE2-8052 softcore
0000              2   ;
0000              3   ;   Copyright (C) 2011  Jesus Calvino-Fraga, jesusc at ece.ubc.ca
0000              4   ;
0000              5   ;   This library is free software; you can redistribute it and/or
0000              6   ;   modify it under the terms of the GNU Lesser General Public
0000              7   ;   License as published by the Free Software Foundation; either
0000              8   ;   version 2.1 of the License, or (at your option) any later version.
0000              9   ;
0000             10   ;   This library is distributed in the hope that it will be useful,
0000             11   ;   but WITHOUT ANY WARRANTY; without even the implied warranty of
0000             12   ;   MERCHANTABILITY or FITNESS FOR A PARTICULAR PURPOSE.  See the GNU
0000             13   ;   Lesser General Public License for more details.
0000             14   ;
0000             15   ;   You should have received a copy of the GNU Lesser General Public
0000             16   ;   License along with this library; if not, write to the Free Software
0000             17   ;   Foundation, Inc., 59 Temple Place, Suite 330, Boston, MA  02111-1307 USA
0000             18   ;
0000             19       
0000             20   P0     DATA  080H  ;PORT 0
0000             21   SP     DATA  081H  ;STACK POINTER
0000             22   DPL    DATA  082H  ;DATA POINTER - LOW BYTE
0000             23   DPH    DATA  083H  ;DATA POINTER - HIGH BYTE
0000             24   PCON   DATA  087H  ;POWER CONTROL
0000             25   TCON   DATA  088H  ;TIMER CONTROL
0000             26   TMOD   DATA  089H  ;TIMER MODE
0000             27   TL0    DATA  08AH  ;TIMER 0 - LOW BYTE
0000             28   TL1    DATA  08BH  ;TIMER 1 - LOW BYTE
0000             29   TH0    DATA  08CH  ;TIMER 0 - HIGH BYTE
0000             30   TH1    DATA  08DH  ;TIMER 1 - HIGH BYTE
0000             31   P1     DATA  090H  ;PORT 1
0000             32   SCON   DATA  098H  ;SERIAL PORT CONTROL
0000             33   SBUF   DATA  099H  ;SERIAL PORT BUFFER
0000             34   P2     DATA  0A0H  ;PORT 2
0000             35   IE     DATA  0A8H  ;INTERRUPT ENABLE
0000             36   P3     DATA  0B0H  ;PORT 3
0000             37   IP     DATA  0B8H  ;INTERRUPT PRIORITY
0000             38   T2CON  DATA  0C8H  ;TIMER 2 CONTROL
0000             39   T2MOD  DATA  0C9H  ;TIMER 2 MODE
0000             40   RCAP2L DATA  0CAH  ;TIMER 2 CAPTURE REGISTER - LOW BYTE
0000             41   RCAP2H DATA  0CBH  ;TIMER 2 CAPTURE REGISTER - HIGH BYTE
0000             42   TL2    DATA  0CCH  ;TIMER 2 - LOW BYTE
0000             43   TH2    DATA  0CDH  ;TIMER 2 - HIGH BYTE
0000             44   PSW    DATA  0D0H  ;PROGRAM STATUS WORD
0000             45   ACC    DATA  0E0H  ;ACCUMULATOR
0000             46   B      DATA  0F0H  ;MULTIPLICATION REGISTER
0000             47   IT0    BIT   088H  ;TCON.0 - EXT. INTERRUPT 0 TYPE
0000             48   IE0    BIT   089H  ;TCON.1 - EXT. INTERRUPT 0 EDGE FLAG
0000             49   IT1    BIT   08AH  ;TCON.2 - EXT. INTERRUPT 1 TYPE
0000             50   IE1    BIT   08BH  ;TCON.3 - EXT. INTERRUPT 1 EDGE FLAG
0000             51   TR0    BIT   08CH  ;TCON.4 - TIMER 0 ON/OFF CONTROL
0000             52   TF0    BIT   08DH  ;TCON.5 - TIMER 0 OVERFLOW FLAG
0000             53   TR1    BIT   08EH  ;TCON.6 - TIMER 1 ON/OFF CONTROL
0000             54   TF1    BIT   08FH  ;TCON.7 - TIMER 1 OVERFLOW FLAG
0000             55   RI     BIT   098H  ;SCON.0 - RECEIVE INTERRUPT FLAG
0000             56   TI     BIT   099H  ;SCON.1 - TRANSMIT INTERRUPT FLAG
0000             57   RB8    BIT   09AH  ;SCON.2 - RECEIVE BIT 8
0000             58   TB8    BIT   09BH  ;SCON.3 - TRANSMIT BIT 8
0000             59   REN    BIT   09CH  ;SCON.4 - RECEIVE ENABLE
0000             60   SM2    BIT   09DH  ;SCON.5 - SERIAL MODE CONTROL BIT 2
0000             61   SM1    BIT   09EH  ;SCON.6 - SERIAL MODE CONTROL BIT 1
0000             62   SM0    BIT   09FH  ;SCON.7 - SERIAL MODE CONTROL BIT 0
0000             63   EX0    BIT   0A8H  ;IE.0 - EXTERNAL INTERRUPT 0 ENABLE
0000             64   ET0    BIT   0A9H  ;IE.1 - TIMER 0 INTERRUPT ENABLE
0000             65   EX1    BIT   0AAH  ;IE.2 - EXTERNAL INTERRUPT 1 ENABLE
0000             66   ET1    BIT   0ABH  ;IE.3 - TIMER 1 INTERRUPT ENABLE
0000             67   ES     BIT   0ACH  ;IE.4 - SERIAL PORT INTERRUPT ENABLE
0000             68   ET2    BIT   0ADH  ;IE.5 - TIMER 2 INTERRUPT ENABLE
0000             69   EA     BIT   0AFH  ;IE.7 - GLOBAL INTERRUPT ENABLE
0000             70   RXD    BIT   0B0H  ;P3.0 - SERIAL PORT RECEIVE INPUT
0000             71   TXD    BIT   0B1H  ;P3.1 - SERIAL PORT TRANSMIT OUTPUT
0000             72   INT0   BIT   0B2H  ;P3.2 - EXTERNAL INTERRUPT 0 INPUT
0000             73   INT1   BIT   0B3H  ;P3.3 - EXTERNAL INTERRUPT 1 INPUT
0000             74   T0     BIT   0B4H  ;P3.4 - TIMER 0 COUNT INPUT
0000             75   T1     BIT   0B5H  ;P3.5 - TIMER 1 COUNT INPUT
0000             76   WR     BIT   0B6H  ;P3.6 - WRITE CONTROL FOR EXT. MEMORY
0000             77   RD     BIT   0B7H  ;P3.7 - READ CONTROL FOR EXT. MEMORY
0000             78   PX0    BIT   0B8H  ;IP.0 - EXTERNAL INTERRUPT 0 PRIORITY
0000             79   PT0    BIT   0B9H  ;IP.1 - TIMER 0 PRIORITY
0000             80   PX1    BIT   0BAH  ;IP.2 - EXTERNAL INTERRUPT 1 PRIORITY
0000             81   PT1    BIT   0BBH  ;IP.3 - TIMER 1 PRIORITY
0000             82   PS     BIT   0BCH  ;IP.4 - SERIAL PORT PRIORITY
0000             83   PT2    BIT   0BDH  ;IP.5 - TIMER 2 PRIORITY
0000             84   CAP2   BIT   0C8H  ;T2CON.0 - CAPTURE OR RELOAD SELECT
0000             85   CNT2   BIT   0C9H  ;T2CON.1 - TIMER OR COUNTER SELECT
0000             86   TR2    BIT   0CAH  ;T2CON.2 - TIMER 2 ON/OFF CONTROL
0000             87   EXEN2  BIT   0CBH  ;T2CON.3 - TIMER 2 EXTERNAL ENABLE FLAG
0000             88   TCLK   BIT   0CCH  ;T2CON.4 - TRANSMIT CLOCK SELECT
0000             89   RCLK   BIT   0CDH  ;T2CON.5 - RECEIVE CLOCK SELECTT
0000             90   EXF2   BIT   0CEH  ;T2CON.6 - EXTERNAL TRANSITION FLAG
0000             91   TF2    BIT   0CFH  ;T2CON.7 - TIMER 2 OVERFLOW FLAG
0000             92   P      BIT   0D0H  ;PSW.0 - ACCUMULATOR PARITY FLAG
0000             93   OV     BIT   0D2H  ;PSW.2 - OVERFLOW FLAG
0000             94   RS0    BIT   0D3H  ;PSW.3 - REGISTER BANK SELECT 0
0000             95   RS1    BIT   0D4H  ;PSW.4 - REGISTER BANK SELECT 1
0000             96   F0     BIT   0D5H  ;PSW.5 - FLAG 0
0000             97   AC     BIT   0D6H  ;PSW.6 - AUXILIARY CARRY FLAG
0000             98   CY     BIT   0D7H  ;PSW.7 - CARRY FLAG
0000             99   
0000            100   ; For the altera DE2 configured with an 8051/8052 softcore processor
0000            101   ; we have the following extra registers:
0000            102   
0000            103   HEX0   DATA  091H ; Zero turns the segment on
0000            104   HEX1   DATA  092H ; 
0000            105   HEX2   DATA  093H ; 
0000            106   HEX3   DATA  094H ; 
0000            107   HEX4   DATA  08EH ;
0000            108   HEX5   DATA  08FH ;
0000            109   HEX6   DATA  096H ;
0000            110   HEX7   DATA  097H ;
0000            111   
0000            112   P0MOD  DATA  09AH ; Input/output mode bits for port 0.  '1' sets the port to output mode.
0000            113   P1MOD  DATA  09BH ; Input/output mode bits for port 1
0000            114   P2MOD  DATA  09CH ; Input/output mode bits for port 2
0000            115   P3MOD  DATA  09DH ; Input/output mode bits for port 3
0000            116   
0000            117   LEDRA  DATA  0E8H ; LEDs LEDR0 to LEDR7 (bit addressable, ex: LEDRA.1 for LEDR1)
0000            118   LEDRB  DATA  095H ; LEDs LEDR8 to LEDR15
0000            119   LEDRC  DATA  09EH ; LEDs LEDR16, LEDR15, and LEDG8
0000            120   LEDG   DATA  0F8H ; LEDs LEDG0 to LEDG7 (bit addressable, ex: LEDG.3 for LEDG3)
0000            121   SWA    DATA  0E8H ; Switches SW0 to SW7 (bit addressable, ex: SWA.1 for SW1)
0000            122   SWB    DATA  095H ; Switches SW8 to SW15
0000            123   SWC    DATA  09EH ; Switches SW16 and SW17
0000            124   KEY    DATA  0F8H ; KEY1=KEY.1, KEY2=KEY.2, KEY3=KEY.3.  KEY0 is the reset button! 
0000            125   
0000            126   LCD_CMD   DATA 0D8H ;
0000            127   LCD_DATA  DATA 0D9H ;
0000            128   LCD_MOD   DATA 0DAH ; Write 0xff to make LCD_DATA an output
0000            129   LCD_RW    BIT  0D8H ; '0' writes to LCD
0000            130   LCD_EN    BIT  0D9H ; Toggle from '1' to '0'
0000            131   LCD_RS    BIT  0DAH ; '0' for commands, '1' for data
0000            132   LCD_ON    BIT  0DBH ; Write '1' to power the LCD
0000            133   LCD_BLON  BIT  0DCH ; Write '1' to turn on back light
0000            134   
0000            135   FLASH_CMD  data 0DBH ; The control bits of the flash memory:
0000            136   ; bit 0: FL_RST_N  Set to 1 for normal operation
0000            137   ; bit 1: FL_WE_N
0000            138   ; bit 2: FL_OE_N
0000            139   ; bit 3: FL_CE_N
0000            140   FLASH_DATA data 0DCH ; 8-bit data bus of flash memory.
0000            141   FLASH_MOD  data 0DDH ; 0xff makes FLASH_DATA output.  0x00 makes FLASH_DATA input.
0000            142   FLASH_ADD0 data 0E1H ; address bits 0 to 7.
0000            143   FLASH_ADD1 data 0E2H ; address bits 8 to 15.
0000            144   FLASH_ADD2 data 0E3H ; address bits 16 to 21.
0000            145   
0000              2   ORG 0000H
0000              3   
0000 020A2C       4   ljmp lookup
                 -1   $include(math16.asm) 
                428   $LIST
01DD              6   
0000              7   BSEG
0000              8   mf: dbit 1
0001              9   
0030             10   DSEG at 30H
0030             11   x: DS 2
0032             12   y: DS 2
0034             13   BCD: DS 3 
0037             14   
01DD             15   CSEG
01DD             16   ; Look-up table for 7-seg displays
01DD             17   myLUT:
01DD C0F9A4B0    18       DB 0C0H, 0F9H, 0A4H, 0B0H, 099H        ; 0 TO 4
     99
01E2 9282F880    19       DB 092H, 082H, 0F8H, 080H, 090H        ; 4 TO 9
     90
01E7 8883C6A1    20       DB 088H, 083H, 0C6H, 0A1H, 086H, 08EH  ; A to F
     868E
01ED             21   ; Look-up table for 7-seg displays. 
01ED             22   T_7seg:
01ED 40792430    23       DB 40H, 79H, 24H, 30H, 19H
     19
01F2 12027800    24       DB 12H, 02H, 78H, 00H, 10H
     10
01F7             25   
01F7             26   mytable:
01F7 FE70        27   DW -400 ; 0000D
01F9 FE71        28   DW -399 ; 0001D
01FB FE73        29   DW -397 ; 0002D
01FD FE74        30   DW -396 ; 0003D
01FF FE75        31   DW -395 ; 0004D
0201 FE77        32   DW -393 ; 0005D
0203 FE78        33   DW -392 ; 0006D
0205 FE7A        34   DW -390 ; 0007D
0207 FE7B        35   DW -389 ; 0008D
0209 FE7C        36   DW -388 ; 0009D
020B FE7E        37   DW -386 ; 0010D
020D FE7F        38   DW -385 ; 0011D
020F FE80        39   DW -384 ; 0012D
0211 FE82        40   DW -382 ; 0013D
0213 FE83        41   DW -381 ; 0014D
0215 FE84        42   DW -380 ; 0015D
0217 FE86        43   DW -378 ; 0016D
0219 FE87        44   DW -377 ; 0017D
021B FE89        45   DW -375 ; 0018D
021D FE8A        46   DW -374 ; 0019D
021F FE8B        47   DW -373 ; 0020D
0221 FE8D        48   DW -371 ; 0021D
0223 FE8E        49   DW -370 ; 0022D
0225 FE8F        50   DW -369 ; 0023D
0227 FE91        51   DW -367 ; 0024D
0229 FE92        52   DW -366 ; 0025D
022B FE94        53   DW -364 ; 0026D
022D FE95        54   DW -363 ; 0027D
022F FE96        55   DW -362 ; 0028D
0231 FE98        56   DW -360 ; 0029D
0233 FE99        57   DW -359 ; 0030D
0235 FE9A        58   DW -358 ; 0031D
0237 FE9C        59   DW -356 ; 0032D
0239 FE9D        60   DW -355 ; 0033D
023B FE9E        61   DW -354 ; 0034D
023D FEA0        62   DW -352 ; 0035D
023F FEA1        63   DW -351 ; 0036D
0241 FEA3        64   DW -349 ; 0037D
0243 FEA4        65   DW -348 ; 0038D
0245 FEA5        66   DW -347 ; 0039D
0247 FEA7        67   DW -345 ; 0040D
0249 FEA8        68   DW -344 ; 0041D
024B FEA9        69   DW -343 ; 0042D
024D FEAB        70   DW -341 ; 0043D
024F FEAC        71   DW -340 ; 0044D
0251 FEAD        72   DW -339 ; 0045D
0253 FEAF        73   DW -337 ; 0046D
0255 FEB0        74   DW -336 ; 0047D
0257 FEB2        75   DW -334 ; 0048D
0259 FEB3        76   DW -333 ; 0049D
025B FEB4        77   DW -332 ; 0050D
025D FEB6        78   DW -330 ; 0051D
025F FEB7        79   DW -329 ; 0052D
0261 FEB8        80   DW -328 ; 0053D
0263 FEBA        81   DW -326 ; 0054D
0265 FEBB        82   DW -325 ; 0055D
0267 FEBC        83   DW -324 ; 0056D
0269 FEBE        84   DW -322 ; 0057D
026B FEBF        85   DW -321 ; 0058D
026D FEC1        86   DW -319 ; 0059D
026F FEC2        87   DW -318 ; 0060D
0271 FEC3        88   DW -317 ; 0061D
0273 FEC5        89   DW -315 ; 0062D
0275 FEC6        90   DW -314 ; 0063D
0277 FEC7        91   DW -313 ; 0064D
0279 FEC9        92   DW -311 ; 0065D
027B FECA        93   DW -310 ; 0066D
027D FECB        94   DW -309 ; 0067D
027F FECD        95   DW -307 ; 0068D
0281 FECE        96   DW -306 ; 0069D
0283 FED0        97   DW -304 ; 0070D
0285 FED1        98   DW -303 ; 0071D
0287 FED2        99   DW -302 ; 0072D
0289 FED4       100   DW -300 ; 0073D
028B FED5       101   DW -299 ; 0074D
028D FED6       102   DW -298 ; 0075D
028F FED8       103   DW -296 ; 0076D
0291 FED9       104   DW -295 ; 0077D
0293 FEDB       105   DW -293 ; 0078D
0295 FEDC       106   DW -292 ; 0079D
0297 FEDD       107   DW -291 ; 0080D
0299 FEDF       108   DW -289 ; 0081D
029B FEE0       109   DW -288 ; 0082D
029D FEE1       110   DW -287 ; 0083D
029F FEE3       111   DW -285 ; 0084D
02A1 FEE4       112   DW -284 ; 0085D
02A3 FEE5       113   DW -283 ; 0086D
02A5 FEE7       114   DW -281 ; 0087D
02A7 FEE8       115   DW -280 ; 0088D
02A9 FEEA       116   DW -278 ; 0089D
02AB FEEB       117   DW -277 ; 0090D
02AD FEEC       118   DW -276 ; 0091D
02AF FEEE       119   DW -274 ; 0092D
02B1 FEEF       120   DW -273 ; 0093D
02B3 FEF0       121   DW -272 ; 0094D
02B5 FEF2       122   DW -270 ; 0095D
02B7 FEF3       123   DW -269 ; 0096D
02B9 FEF4       124   DW -268 ; 0097D
02BB FEF6       125   DW -266 ; 0098D
02BD FEF7       126   DW -265 ; 0099D
02BF FEF9       127   DW -263 ; 0100D
02C1 FEFA       128   DW -262 ; 0101D
02C3 FEFB       129   DW -261 ; 0102D
02C5 FEFD       130   DW -259 ; 0103D
02C7 FEFE       131   DW -258 ; 0104D
02C9 FEFF       132   DW -257 ; 0105D
02CB FF01       133   DW -255 ; 0106D
02CD FF02       134   DW -254 ; 0107D
02CF FF03       135   DW -253 ; 0108D
02D1 FF05       136   DW -251 ; 0109D
02D3 FF06       137   DW -250 ; 0110D
02D5 FF08       138   DW -248 ; 0111D
02D7 FF09       139   DW -247 ; 0112D
02D9 FF0A       140   DW -246 ; 0113D
02DB FF0C       141   DW -244 ; 0114D
02DD FF0D       142   DW -243 ; 0115D
02DF FF0E       143   DW -242 ; 0116D
02E1 FF10       144   DW -240 ; 0117D
02E3 FF11       145   DW -239 ; 0118D
02E5 FF12       146   DW -238 ; 0119D
02E7 FF14       147   DW -236 ; 0120D
02E9 FF15       148   DW -235 ; 0121D
02EB FF17       149   DW -233 ; 0122D
02ED FF18       150   DW -232 ; 0123D
02EF FF19       151   DW -231 ; 0124D
02F1 FF1B       152   DW -229 ; 0125D
02F3 FF1C       153   DW -228 ; 0126D
02F5 FF1D       154   DW -227 ; 0127D
02F7 FF1F       155   DW -225 ; 0128D
02F9 FF20       156   DW -224 ; 0129D
02FB FF22       157   DW -222 ; 0130D
02FD FF23       158   DW -221 ; 0131D
02FF FF24       159   DW -220 ; 0132D
0301 FF26       160   DW -218 ; 0133D
0303 FF27       161   DW -217 ; 0134D
0305 FF28       162   DW -216 ; 0135D
0307 FF2A       163   DW -214 ; 0136D
0309 FF2B       164   DW -213 ; 0137D
030B FF2C       165   DW -212 ; 0138D
030D FF2E       166   DW -210 ; 0139D
030F FF2F       167   DW -209 ; 0140D
0311 FF31       168   DW -207 ; 0141D
0313 FF32       169   DW -206 ; 0142D
0315 FF33       170   DW -205 ; 0143D
0317 FF35       171   DW -203 ; 0144D
0319 FF36       172   DW -202 ; 0145D
031B FF37       173   DW -201 ; 0146D
031D FF39       174   DW -199 ; 0147D
031F FF3A       175   DW -198 ; 0148D
0321 FF3B       176   DW -197 ; 0149D
0323 FF3D       177   DW -195 ; 0150D
0325 FF3E       178   DW -194 ; 0151D
0327 FF40       179   DW -192 ; 0152D
0329 FF41       180   DW -191 ; 0153D
032B FF42       181   DW -190 ; 0154D
032D FF44       182   DW -188 ; 0155D
032F FF45       183   DW -187 ; 0156D
0331 FF46       184   DW -186 ; 0157D
0333 FF48       185   DW -184 ; 0158D
0335 FF49       186   DW -183 ; 0159D
0337 FF4A       187   DW -182 ; 0160D
0339 FF4C       188   DW -180 ; 0161D
033B FF4D       189   DW -179 ; 0162D
033D FF4F       190   DW -177 ; 0163D
033F FF50       191   DW -176 ; 0164D
0341 FF51       192   DW -175 ; 0165D
0343 FF53       193   DW -173 ; 0166D
0345 FF54       194   DW -172 ; 0167D
0347 FF55       195   DW -171 ; 0168D
0349 FF57       196   DW -169 ; 0169D
034B FF58       197   DW -168 ; 0170D
034D FF5A       198   DW -166 ; 0171D
034F FF5B       199   DW -165 ; 0172D
0351 FF5C       200   DW -164 ; 0173D
0353 FF5E       201   DW -162 ; 0174D
0355 FF5F       202   DW -161 ; 0175D
0357 FF60       203   DW -160 ; 0176D
0359 FF62       204   DW -158 ; 0177D
035B FF63       205   DW -157 ; 0178D
035D FF64       206   DW -156 ; 0179D
035F FF66       207   DW -154 ; 0180D
0361 FF67       208   DW -153 ; 0181D
0363 FF69       209   DW -151 ; 0182D
0365 FF6A       210   DW -150 ; 0183D
0367 FF6B       211   DW -149 ; 0184D
0369 FF6D       212   DW -147 ; 0185D
036B FF6E       213   DW -146 ; 0186D
036D FF6F       214   DW -145 ; 0187D
036F FF71       215   DW -143 ; 0188D
0371 FF72       216   DW -142 ; 0189D
0373 FF73       217   DW -141 ; 0190D
0375 FF75       218   DW -139 ; 0191D
0377 FF76       219   DW -138 ; 0192D
0379 FF78       220   DW -136 ; 0193D
037B FF79       221   DW -135 ; 0194D
037D FF7A       222   DW -134 ; 0195D
037F FF7C       223   DW -132 ; 0196D
0381 FF7D       224   DW -131 ; 0197D
0383 FF7E       225   DW -130 ; 0198D
0385 FF80       226   DW -128 ; 0199D
0387 FF81       227   DW -127 ; 0200D
0389 FF82       228   DW -126 ; 0201D
038B FF84       229   DW -124 ; 0202D
038D FF85       230   DW -123 ; 0203D
038F FF87       231   DW -121 ; 0204D
0391 FF88       232   DW -120 ; 0205D
0393 FF89       233   DW -119 ; 0206D
0395 FF8B       234   DW -117 ; 0207D
0397 FF8C       235   DW -116 ; 0208D
0399 FF8D       236   DW -115 ; 0209D
039B FF8F       237   DW -113 ; 0210D
039D FF90       238   DW -112 ; 0211D
039F FF91       239   DW -111 ; 0212D
03A1 FF93       240   DW -109 ; 0213D
03A3 FF94       241   DW -108 ; 0214D
03A5 FF96       242   DW -106 ; 0215D
03A7 FF97       243   DW -105 ; 0216D
03A9 FF98       244   DW -104 ; 0217D
03AB FF9A       245   DW -102 ; 0218D
03AD FF9B       246   DW -101 ; 0219D
03AF FF9C       247   DW -100 ; 0220D
03B1 FF9E       248   DW -098 ; 0221D
03B3 FF9F       249   DW -097 ; 0222D
03B5 FFA1       250   DW -095 ; 0223D
03B7 FFA2       251   DW -094 ; 0224D
03B9 FFA3       252   DW -093 ; 0225D
03BB FFA5       253   DW -091 ; 0226D
03BD FFA6       254   DW -090 ; 0227D
03BF FFA7       255   DW -089 ; 0228D
03C1 FFA9       256   DW -087 ; 0229D
03C3 FFAA       257   DW -086 ; 0230D
03C5 FFAB       258   DW -085 ; 0231D
03C7 FFAD       259   DW -083 ; 0232D
03C9 FFAE       260   DW -082 ; 0233D
03CB FFB0       261   DW -080 ; 0234D
03CD FFB1       262   DW -079 ; 0235D
03CF FFB2       263   DW -078 ; 0236D
03D1 FFB4       264   DW -076 ; 0237D
03D3 FFB5       265   DW -075 ; 0238D
03D5 FFB6       266   DW -074 ; 0239D
03D7 FFB8       267   DW -072 ; 0240D
03D9 FFB9       268   DW -071 ; 0241D
03DB FFBA       269   DW -070 ; 0242D
03DD FFBC       270   DW -068 ; 0243D
03DF FFBD       271   DW -067 ; 0244D
03E1 FFBF       272   DW -065 ; 0245D
03E3 FFC0       273   DW -064 ; 0246D
03E5 FFC1       274   DW -063 ; 0247D
03E7 FFC3       275   DW -061 ; 0248D
03E9 FFC4       276   DW -060 ; 0249D
03EB FFC5       277   DW -059 ; 0250D
03ED FFC7       278   DW -057 ; 0251D
03EF FFC8       279   DW -056 ; 0252D
03F1 FFC9       280   DW -055 ; 0253D
03F3 FFCB       281   DW -053 ; 0254D
03F5 FFCC       282   DW -052 ; 0255D
03F7 FFCE       283   DW -050 ; 0256D
03F9 FFCF       284   DW -049 ; 0257D
03FB FFD0       285   DW -048 ; 0258D
03FD FFD2       286   DW -046 ; 0259D
03FF FFD3       287   DW -045 ; 0260D
0401 FFD4       288   DW -044 ; 0261D
0403 FFD6       289   DW -042 ; 0262D
0405 FFD7       290   DW -041 ; 0263D
0407 FFD8       291   DW -040 ; 0264D
0409 FFDA       292   DW -038 ; 0265D
040B FFDB       293   DW -037 ; 0266D
040D FFDD       294   DW -035 ; 0267D
040F FFDE       295   DW -034 ; 0268D
0411 FFDF       296   DW -033 ; 0269D
0413 FFE1       297   DW -031 ; 0270D
0415 FFE2       298   DW -030 ; 0271D
0417 FFE3       299   DW -029 ; 0272D
0419 FFE5       300   DW -027 ; 0273D
041B FFE6       301   DW -026 ; 0274D
041D FFE8       302   DW -024 ; 0275D
041F FFE9       303   DW -023 ; 0276D
0421 FFEA       304   DW -022 ; 0277D
0423 FFEC       305   DW -020 ; 0278D
0425 FFED       306   DW -019 ; 0279D
0427 FFEE       307   DW -018 ; 0280D
0429 FFF0       308   DW -016 ; 0281D
042B FFF1       309   DW -015 ; 0282D
042D FFF2       310   DW -014 ; 0283D
042F FFF4       311   DW -012 ; 0284D
0431 FFF5       312   DW -011 ; 0285D
0433 FFF7       313   DW -009 ; 0286D
0435 FFF8       314   DW -008 ; 0287D
0437 FFF9       315   DW -007 ; 0288D
0439 FFFB       316   DW -005 ; 0289D
043B FFFC       317   DW -004 ; 0290D
043D FFFD       318   DW -003 ; 0291D
043F FFFF       319   DW -001 ; 0292D
0441 0000       320   DW 0000 ; 0293D
0443 0001       321   DW 0001 ; 0294D
0445 0003       322   DW 0003 ; 0295D
0447 0004       323   DW 0004 ; 0296D
0449 0006       324   DW 0006 ; 0297D
044B 0007       325   DW 0007 ; 0298D
044D 0008       326   DW 0008 ; 0299D
044F 000A       327   DW 0010 ; 0300D
0451 000B       328   DW 0011 ; 0301D
0453 000C       329   DW 0012 ; 0302D
0455 000E       330   DW 0014 ; 0303D
0457 000F       331   DW 0015 ; 0304D
0459 0010       332   DW 0016 ; 0305D
045B 0012       333   DW 0018 ; 0306D
045D 0013       334   DW 0019 ; 0307D
045F 0015       335   DW 0021 ; 0308D
0461 0016       336   DW 0022 ; 0309D
0463 0017       337   DW 0023 ; 0310D
0465 0019       338   DW 0025 ; 0311D
0467 001A       339   DW 0026 ; 0312D
0469 001B       340   DW 0027 ; 0313D
046B 001D       341   DW 0029 ; 0314D
046D 001E       342   DW 0030 ; 0315D
046F 0020       343   DW 0032 ; 0316D
0471 0021       344   DW 0033 ; 0317D
0473 0022       345   DW 0034 ; 0318D
0475 0024       346   DW 0036 ; 0319D
0477 0025       347   DW 0037 ; 0320D
0479 0026       348   DW 0038 ; 0321D
047B 0028       349   DW 0040 ; 0322D
047D 0029       350   DW 0041 ; 0323D
047F 002A       351   DW 0042 ; 0324D
0481 002C       352   DW 0044 ; 0325D
0483 002D       353   DW 0045 ; 0326D
0485 002F       354   DW 0047 ; 0327D
0487 0030       355   DW 0048 ; 0328D
0489 0031       356   DW 0049 ; 0329D
048B 0033       357   DW 0051 ; 0330D
048D 0034       358   DW 0052 ; 0331D
048F 0035       359   DW 0053 ; 0332D
0491 0037       360   DW 0055 ; 0333D
0493 0038       361   DW 0056 ; 0334D
0495 0039       362   DW 0057 ; 0335D
0497 003B       363   DW 0059 ; 0336D
0499 003C       364   DW 0060 ; 0337D
049B 003E       365   DW 0062 ; 0338D
049D 003F       366   DW 0063 ; 0339D
049F 0040       367   DW 0064 ; 0340D
04A1 0042       368   DW 0066 ; 0341D
04A3 0043       369   DW 0067 ; 0342D
04A5 0044       370   DW 0068 ; 0343D
04A7 0046       371   DW 0070 ; 0344D
04A9 0047       372   DW 0071 ; 0345D
04AB 0048       373   DW 0072 ; 0346D
04AD 004A       374   DW 0074 ; 0347D
04AF 004B       375   DW 0075 ; 0348D
04B1 004D       376   DW 0077 ; 0349D
04B3 004E       377   DW 0078 ; 0350D
04B5 004F       378   DW 0079 ; 0351D
04B7 0051       379   DW 0081 ; 0352D
04B9 0052       380   DW 0082 ; 0353D
04BB 0053       381   DW 0083 ; 0354D
04BD 0055       382   DW 0085 ; 0355D
04BF 0056       383   DW 0086 ; 0356D
04C1 0057       384   DW 0087 ; 0357D
04C3 0059       385   DW 0089 ; 0358D
04C5 005A       386   DW 0090 ; 0359D
04C7 005C       387   DW 0092 ; 0360D
04C9 005D       388   DW 0093 ; 0361D
04CB 005E       389   DW 0094 ; 0362D
04CD 0060       390   DW 0096 ; 0363D
04CF 0061       391   DW 0097 ; 0364D
04D1 0062       392   DW 0098 ; 0365D
04D3 0064       393   DW 0100 ; 0366D
04D5 0065       394   DW 0101 ; 0367D
04D7 0067       395   DW 0103 ; 0368D
04D9 0068       396   DW 0104 ; 0369D
04DB 0069       397   DW 0105 ; 0370D
04DD 006B       398   DW 0107 ; 0371D
04DF 006C       399   DW 0108 ; 0372D
04E1 006D       400   DW 0109 ; 0373D
04E3 006F       401   DW 0111 ; 0374D
04E5 0070       402   DW 0112 ; 0375D
04E7 0071       403   DW 0113 ; 0376D
04E9 0073       404   DW 0115 ; 0377D
04EB 0074       405   DW 0116 ; 0378D
04ED 0076       406   DW 0118 ; 0379D
04EF 0077       407   DW 0119 ; 0380D
04F1 0078       408   DW 0120 ; 0381D
04F3 007A       409   DW 0122 ; 0382D
04F5 007B       410   DW 0123 ; 0383D
04F7 007C       411   DW 0124 ; 0384D
04F9 007E       412   DW 0126 ; 0385D
04FB 007F       413   DW 0127 ; 0386D
04FD 0080       414   DW 0128 ; 0387D
04FF 0082       415   DW 0130 ; 0388D
0501 0083       416   DW 0131 ; 0389D
0503 0085       417   DW 0133 ; 0390D
0505 0086       418   DW 0134 ; 0391D
0507 0087       419   DW 0135 ; 0392D
0509 0089       420   DW 0137 ; 0393D
050B 008A       421   DW 0138 ; 0394D
050D 008B       422   DW 0139 ; 0395D
050F 008D       423   DW 0141 ; 0396D
0511 008E       424   DW 0142 ; 0397D
0513 008F       425   DW 0143 ; 0398D
0515 0091       426   DW 0145 ; 0399D
0517 0092       427   DW 0146 ; 0400D
0519 0094       428   DW 0148 ; 0401D
051B 0095       429   DW 0149 ; 0402D
051D 0096       430   DW 0150 ; 0403D
051F 0098       431   DW 0152 ; 0404D
0521 0099       432   DW 0153 ; 0405D
0523 009A       433   DW 0154 ; 0406D
0525 009C       434   DW 0156 ; 0407D
0527 009D       435   DW 0157 ; 0408D
0529 009F       436   DW 0159 ; 0409D
052B 00A0       437   DW 0160 ; 0410D
052D 00A1       438   DW 0161 ; 0411D
052F 00A3       439   DW 0163 ; 0412D
0531 00A4       440   DW 0164 ; 0413D
0533 00A5       441   DW 0165 ; 0414D
0535 00A7       442   DW 0167 ; 0415D
0537 00A8       443   DW 0168 ; 0416D
0539 00A9       444   DW 0169 ; 0417D
053B 00AB       445   DW 0171 ; 0418D
053D 00AC       446   DW 0172 ; 0419D
053F 00AE       447   DW 0174 ; 0420D
0541 00AF       448   DW 0175 ; 0421D
0543 00B0       449   DW 0176 ; 0422D
0545 00B2       450   DW 0178 ; 0423D
0547 00B3       451   DW 0179 ; 0424D
0549 00B4       452   DW 0180 ; 0425D
054B 00B6       453   DW 0182 ; 0426D
054D 00B7       454   DW 0183 ; 0427D
054F 00B8       455   DW 0184 ; 0428D
0551 00BA       456   DW 0186 ; 0429D
0553 00BB       457   DW 0187 ; 0430D
0555 00BD       458   DW 0189 ; 0431D
0557 00BE       459   DW 0190 ; 0432D
0559 00BF       460   DW 0191 ; 0433D
055B 00C1       461   DW 0193 ; 0434D
055D 00C2       462   DW 0194 ; 0435D
055F 00C3       463   DW 0195 ; 0436D
0561 00C5       464   DW 0197 ; 0437D
0563 00C6       465   DW 0198 ; 0438D
0565 00C7       466   DW 0199 ; 0439D
0567 00C9       467   DW 0201 ; 0440D
0569 00CA       468   DW 0202 ; 0441D
056B 00CC       469   DW 0204 ; 0442D
056D 00CD       470   DW 0205 ; 0443D
056F 00CE       471   DW 0206 ; 0444D
0571 00D0       472   DW 0208 ; 0445D
0573 00D1       473   DW 0209 ; 0446D
0575 00D2       474   DW 0210 ; 0447D
0577 00D4       475   DW 0212 ; 0448D
0579 00D5       476   DW 0213 ; 0449D
057B 00D6       477   DW 0214 ; 0450D
057D 00D8       478   DW 0216 ; 0451D
057F 00D9       479   DW 0217 ; 0452D
0581 00DB       480   DW 0219 ; 0453D
0583 00DC       481   DW 0220 ; 0454D
0585 00DD       482   DW 0221 ; 0455D
0587 00DF       483   DW 0223 ; 0456D
0589 00E0       484   DW 0224 ; 0457D
058B 00E1       485   DW 0225 ; 0458D
058D 00E3       486   DW 0227 ; 0459D
058F 00E4       487   DW 0228 ; 0460D
0591 00E6       488   DW 0230 ; 0461D
0593 00E7       489   DW 0231 ; 0462D
0595 00E8       490   DW 0232 ; 0463D
0597 00EA       491   DW 0234 ; 0464D
0599 00EB       492   DW 0235 ; 0465D
059B 00EC       493   DW 0236 ; 0466D
059D 00EE       494   DW 0238 ; 0467D
059F 00EF       495   DW 0239 ; 0468D
05A1 00F0       496   DW 0240 ; 0469D
05A3 00F2       497   DW 0242 ; 0470D
05A5 00F3       498   DW 0243 ; 0471D
05A7 00F5       499   DW 0245 ; 0472D
05A9 00F6       500   DW 0246 ; 0473D
05AB 00F7       501   DW 0247 ; 0474D
05AD 00F9       502   DW 0249 ; 0475D
05AF 00FA       503   DW 0250 ; 0476D
05B1 00FB       504   DW 0251 ; 0477D
05B3 00FD       505   DW 0253 ; 0478D
05B5 00FE       506   DW 0254 ; 0479D
05B7 00FF       507   DW 0255 ; 0480D
05B9 0101       508   DW 0257 ; 0481D
05BB 0102       509   DW 0258 ; 0482D
05BD 0104       510   DW 0260 ; 0483D
05BF 0105       511   DW 0261 ; 0484D
05C1 0106       512   DW 0262 ; 0485D
05C3 0108       513   DW 0264 ; 0486D
05C5 0109       514   DW 0265 ; 0487D
05C7 010A       515   DW 0266 ; 0488D
05C9 010C       516   DW 0268 ; 0489D
05CB 010D       517   DW 0269 ; 0490D
05CD 010E       518   DW 0270 ; 0491D
05CF 0110       519   DW 0272 ; 0492D
05D1 0111       520   DW 0273 ; 0493D
05D3 0113       521   DW 0275 ; 0494D
05D5 0114       522   DW 0276 ; 0495D
05D7 0115       523   DW 0277 ; 0496D
05D9 0117       524   DW 0279 ; 0497D
05DB 0118       525   DW 0280 ; 0498D
05DD 0119       526   DW 0281 ; 0499D
05DF 011B       527   DW 0283 ; 0500D
05E1 011C       528   DW 0284 ; 0501D
05E3 011D       529   DW 0285 ; 0502D
05E5 011F       530   DW 0287 ; 0503D
05E7 0120       531   DW 0288 ; 0504D
05E9 0122       532   DW 0290 ; 0505D
05EB 0123       533   DW 0291 ; 0506D
05ED 0124       534   DW 0292 ; 0507D
05EF 0126       535   DW 0294 ; 0508D
05F1 0127       536   DW 0295 ; 0509D
05F3 0128       537   DW 0296 ; 0510D
05F5 012A       538   DW 0298 ; 0511D
05F7 012B       539   DW 0299 ; 0512D
05F9 012D       540   DW 0301 ; 0513D
05FB 012E       541   DW 0302 ; 0514D
05FD 012F       542   DW 0303 ; 0515D
05FF 0131       543   DW 0305 ; 0516D
0601 0132       544   DW 0306 ; 0517D
0603 0133       545   DW 0307 ; 0518D
0605 0135       546   DW 0309 ; 0519D
0607 0136       547   DW 0310 ; 0520D
0609 0137       548   DW 0311 ; 0521D
060B 0139       549   DW 0313 ; 0522D
060D 013A       550   DW 0314 ; 0523D
060F 013C       551   DW 0316 ; 0524D
0611 013D       552   DW 0317 ; 0525D
0613 013E       553   DW 0318 ; 0526D
0615 0140       554   DW 0320 ; 0527D
0617 0141       555   DW 0321 ; 0528D
0619 0142       556   DW 0322 ; 0529D
061B 0144       557   DW 0324 ; 0530D
061D 0145       558   DW 0325 ; 0531D
061F 0146       559   DW 0326 ; 0532D
0621 0148       560   DW 0328 ; 0533D
0623 0149       561   DW 0329 ; 0534D
0625 014B       562   DW 0331 ; 0535D
0627 014C       563   DW 0332 ; 0536D
0629 014D       564   DW 0333 ; 0537D
062B 014F       565   DW 0335 ; 0538D
062D 0150       566   DW 0336 ; 0539D
062F 0151       567   DW 0337 ; 0540D
0631 0153       568   DW 0339 ; 0541D
0633 0154       569   DW 0340 ; 0542D
0635 0155       570   DW 0341 ; 0543D
0637 0157       571   DW 0343 ; 0544D
0639 0158       572   DW 0344 ; 0545D
063B 015A       573   DW 0346 ; 0546D
063D 015B       574   DW 0347 ; 0547D
063F 015C       575   DW 0348 ; 0548D
0641 015E       576   DW 0350 ; 0549D
0643 015F       577   DW 0351 ; 0550D
0645 0160       578   DW 0352 ; 0551D
0647 0162       579   DW 0354 ; 0552D
0649 0163       580   DW 0355 ; 0553D
064B 0165       581   DW 0357 ; 0554D
064D 0166       582   DW 0358 ; 0555D
064F 0167       583   DW 0359 ; 0556D
0651 0169       584   DW 0361 ; 0557D
0653 016A       585   DW 0362 ; 0558D
0655 016B       586   DW 0363 ; 0559D
0657 016D       587   DW 0365 ; 0560D
0659 016E       588   DW 0366 ; 0561D
065B 016F       589   DW 0367 ; 0562D
065D 0171       590   DW 0369 ; 0563D
065F 0172       591   DW 0370 ; 0564D
0661 0174       592   DW 0372 ; 0565D
0663 0175       593   DW 0373 ; 0566D
0665 0176       594   DW 0374 ; 0567D
0667 0178       595   DW 0376 ; 0568D
0669 0179       596   DW 0377 ; 0569D
066B 017A       597   DW 0378 ; 0570D
066D 017C       598   DW 0380 ; 0571D
066F 017D       599   DW 0381 ; 0572D
0671 017E       600   DW 0382 ; 0573D
0673 0180       601   DW 0384 ; 0574D
0675 0181       602   DW 0385 ; 0575D
0677 0183       603   DW 0387 ; 0576D
0679 0184       604   DW 0388 ; 0577D
067B 0185       605   DW 0389 ; 0578D
067D 0187       606   DW 0391 ; 0579D
067F 0188       607   DW 0392 ; 0580D
0681 0189       608   DW 0393 ; 0581D
0683 018B       609   DW 0395 ; 0582D
0685 018C       610   DW 0396 ; 0583D
0687 018D       611   DW 0397 ; 0584D
0689 018F       612   DW 0399 ; 0585D
068B 0190       613   DW 0400 ; 0586D
068D 0192       614   DW 0402 ; 0587D
068F 0193       615   DW 0403 ; 0588D
0691 0194       616   DW 0404 ; 0589D
0693 0196       617   DW 0406 ; 0590D
0695 0197       618   DW 0407 ; 0591D
0697 0198       619   DW 0408 ; 0592D
0699 019A       620   DW 0410 ; 0593D
069B 019B       621   DW 0411 ; 0594D
069D 019C       622   DW 0412 ; 0595D
069F 019E       623   DW 0414 ; 0596D
06A1 019F       624   DW 0415 ; 0597D
06A3 01A1       625   DW 0417 ; 0598D
06A5 01A2       626   DW 0418 ; 0599D
06A7 01A3       627   DW 0419 ; 0600D
06A9 01A5       628   DW 0421 ; 0601D
06AB 01A6       629   DW 0422 ; 0602D
06AD 01A7       630   DW 0423 ; 0603D
06AF 01A9       631   DW 0425 ; 0604D
06B1 01AA       632   DW 0426 ; 0605D
06B3 01AC       633   DW 0428 ; 0606D
06B5 01AD       634   DW 0429 ; 0607D
06B7 01AE       635   DW 0430 ; 0608D
06B9 01B0       636   DW 0432 ; 0609D
06BB 01B1       637   DW 0433 ; 0610D
06BD 01B2       638   DW 0434 ; 0611D
06BF 01B4       639   DW 0436 ; 0612D
06C1 01B5       640   DW 0437 ; 0613D
06C3 01B6       641   DW 0438 ; 0614D
06C5 01B8       642   DW 0440 ; 0615D
06C7 01B9       643   DW 0441 ; 0616D
06C9 01BB       644   DW 0443 ; 0617D
06CB 01BC       645   DW 0444 ; 0618D
06CD 01BD       646   DW 0445 ; 0619D
06CF 01BF       647   DW 0447 ; 0620D
06D1 01C0       648   DW 0448 ; 0621D
06D3 01C1       649   DW 0449 ; 0622D
06D5 01C3       650   DW 0451 ; 0623D
06D7 01C4       651   DW 0452 ; 0624D
06D9 01C5       652   DW 0453 ; 0625D
06DB 01C7       653   DW 0455 ; 0626D
06DD 01C8       654   DW 0456 ; 0627D
06DF 01CA       655   DW 0458 ; 0628D
06E1 01CB       656   DW 0459 ; 0629D
06E3 01CC       657   DW 0460 ; 0630D
06E5 01CE       658   DW 0462 ; 0631D
06E7 01CF       659   DW 0463 ; 0632D
06E9 01D0       660   DW 0464 ; 0633D
06EB 01D2       661   DW 0466 ; 0634D
06ED 01D3       662   DW 0467 ; 0635D
06EF 01D4       663   DW 0468 ; 0636D
06F1 01D6       664   DW 0470 ; 0637D
06F3 01D7       665   DW 0471 ; 0638D
06F5 01D9       666   DW 0473 ; 0639D
06F7 01DA       667   DW 0474 ; 0640D
06F9 01DB       668   DW 0475 ; 0641D
06FB 01DD       669   DW 0477 ; 0642D
06FD 01DE       670   DW 0478 ; 0643D
06FF 01DF       671   DW 0479 ; 0644D
0701 01E1       672   DW 0481 ; 0645D
0703 01E2       673   DW 0482 ; 0646D
0705 01E3       674   DW 0483 ; 0647D
0707 01E5       675   DW 0485 ; 0648D
0709 01E6       676   DW 0486 ; 0649D
070B 01E8       677   DW 0488 ; 0650D
070D 01E9       678   DW 0489 ; 0651D
070F 01EA       679   DW 0490 ; 0652D
0711 01EC       680   DW 0492 ; 0653D
0713 01ED       681   DW 0493 ; 0654D
0715 01EE       682   DW 0494 ; 0655D
0717 01F0       683   DW 0496 ; 0656D
0719 01F1       684   DW 0497 ; 0657D
071B 01F3       685   DW 0499 ; 0658D
071D 01F4       686   DW 0500 ; 0659D
071F 01F5       687   DW 0501 ; 0660D
0721 01F7       688   DW 0503 ; 0661D
0723 01F8       689   DW 0504 ; 0662D
0725 01F9       690   DW 0505 ; 0663D
0727 01FB       691   DW 0507 ; 0664D
0729 01FC       692   DW 0508 ; 0665D
072B 01FD       693   DW 0509 ; 0666D
072D 01FF       694   DW 0511 ; 0667D
072F 0200       695   DW 0512 ; 0668D
0731 0202       696   DW 0514 ; 0669D
0733 0203       697   DW 0515 ; 0670D
0735 0204       698   DW 0516 ; 0671D
0737 0206       699   DW 0518 ; 0672D
0739 0207       700   DW 0519 ; 0673D
073B 0208       701   DW 0520 ; 0674D
073D 020A       702   DW 0522 ; 0675D
073F 020B       703   DW 0523 ; 0676D
0741 020C       704   DW 0524 ; 0677D
0743 020E       705   DW 0526 ; 0678D
0745 020F       706   DW 0527 ; 0679D
0747 0211       707   DW 0529 ; 0680D
0749 0212       708   DW 0530 ; 0681D
074B 0213       709   DW 0531 ; 0682D
074D 0215       710   DW 0533 ; 0683D
074F 0216       711   DW 0534 ; 0684D
0751 0217       712   DW 0535 ; 0685D
0753 0219       713   DW 0537 ; 0686D
0755 021A       714   DW 0538 ; 0687D
0757 021B       715   DW 0539 ; 0688D
0759 021D       716   DW 0541 ; 0689D
075B 021E       717   DW 0542 ; 0690D
075D 0220       718   DW 0544 ; 0691D
075F 0221       719   DW 0545 ; 0692D
0761 0222       720   DW 0546 ; 0693D
0763 0224       721   DW 0548 ; 0694D
0765 0225       722   DW 0549 ; 0695D
0767 0226       723   DW 0550 ; 0696D
0769 0228       724   DW 0552 ; 0697D
076B 0229       725   DW 0553 ; 0698D
076D 022B       726   DW 0555 ; 0699D
076F 022C       727   DW 0556 ; 0700D
0771 022D       728   DW 0557 ; 0701D
0773 022F       729   DW 0559 ; 0702D
0775 0230       730   DW 0560 ; 0703D
0777 0231       731   DW 0561 ; 0704D
0779 0233       732   DW 0563 ; 0705D
077B 0234       733   DW 0564 ; 0706D
077D 0235       734   DW 0565 ; 0707D
077F 0237       735   DW 0567 ; 0708D
0781 0238       736   DW 0568 ; 0709D
0783 023A       737   DW 0570 ; 0710D
0785 023B       738   DW 0571 ; 0711D
0787 023C       739   DW 0572 ; 0712D
0789 023E       740   DW 0574 ; 0713D
078B 023F       741   DW 0575 ; 0714D
078D 0240       742   DW 0576 ; 0715D
078F 0242       743   DW 0578 ; 0716D
0791 0243       744   DW 0579 ; 0717D
0793 0244       745   DW 0580 ; 0718D
0795 0246       746   DW 0582 ; 0719D
0797 0247       747   DW 0583 ; 0720D
0799 0249       748   DW 0585 ; 0721D
079B 024A       749   DW 0586 ; 0722D
079D 024B       750   DW 0587 ; 0723D
079F 024D       751   DW 0589 ; 0724D
07A1 024E       752   DW 0590 ; 0725D
07A3 024F       753   DW 0591 ; 0726D
07A5 0251       754   DW 0593 ; 0727D
07A7 0252       755   DW 0594 ; 0728D
07A9 0253       756   DW 0595 ; 0729D
07AB 0255       757   DW 0597 ; 0730D
07AD 0256       758   DW 0598 ; 0731D
07AF 0258       759   DW 0600 ; 0732D
07B1 0259       760   DW 0601 ; 0733D
07B3 025A       761   DW 0602 ; 0734D
07B5 025C       762   DW 0604 ; 0735D
07B7 025D       763   DW 0605 ; 0736D
07B9 025E       764   DW 0606 ; 0737D
07BB 0260       765   DW 0608 ; 0738D
07BD 0261       766   DW 0609 ; 0739D
07BF 0262       767   DW 0610 ; 0740D
07C1 0264       768   DW 0612 ; 0741D
07C3 0265       769   DW 0613 ; 0742D
07C5 0267       770   DW 0615 ; 0743D
07C7 0268       771   DW 0616 ; 0744D
07C9 0269       772   DW 0617 ; 0745D
07CB 026B       773   DW 0619 ; 0746D
07CD 026C       774   DW 0620 ; 0747D
07CF 026D       775   DW 0621 ; 0748D
07D1 026F       776   DW 0623 ; 0749D
07D3 0270       777   DW 0624 ; 0750D
07D5 0272       778   DW 0626 ; 0751D
07D7 0273       779   DW 0627 ; 0752D
07D9 0274       780   DW 0628 ; 0753D
07DB 0276       781   DW 0630 ; 0754D
07DD 0277       782   DW 0631 ; 0755D
07DF 0278       783   DW 0632 ; 0756D
07E1 027A       784   DW 0634 ; 0757D
07E3 027B       785   DW 0635 ; 0758D
07E5 027C       786   DW 0636 ; 0759D
07E7 027E       787   DW 0638 ; 0760D
07E9 027F       788   DW 0639 ; 0761D
07EB 0281       789   DW 0641 ; 0762D
07ED 0282       790   DW 0642 ; 0763D
07EF 0283       791   DW 0643 ; 0764D
07F1 0285       792   DW 0645 ; 0765D
07F3 0286       793   DW 0646 ; 0766D
07F5 0287       794   DW 0647 ; 0767D
07F7 0289       795   DW 0649 ; 0768D
07F9 028A       796   DW 0650 ; 0769D
07FB 028B       797   DW 0651 ; 0770D
07FD 028D       798   DW 0653 ; 0771D
07FF 028E       799   DW 0654 ; 0772D
0801 0290       800   DW 0656 ; 0773D
0803 0291       801   DW 0657 ; 0774D
0805 0292       802   DW 0658 ; 0775D
0807 0294       803   DW 0660 ; 0776D
0809 0295       804   DW 0661 ; 0777D
080B 0296       805   DW 0662 ; 0778D
080D 0298       806   DW 0664 ; 0779D
080F 0299       807   DW 0665 ; 0780D
0811 029A       808   DW 0666 ; 0781D
0813 029C       809   DW 0668 ; 0782D
0815 029D       810   DW 0669 ; 0783D
0817 029F       811   DW 0671 ; 0784D
0819 02A0       812   DW 0672 ; 0785D
081B 02A1       813   DW 0673 ; 0786D
081D 02A3       814   DW 0675 ; 0787D
081F 02A4       815   DW 0676 ; 0788D
0821 02A5       816   DW 0677 ; 0789D
0823 02A7       817   DW 0679 ; 0790D
0825 02A8       818   DW 0680 ; 0791D
0827 02A9       819   DW 0681 ; 0792D
0829 02AB       820   DW 0683 ; 0793D
082B 02AC       821   DW 0684 ; 0794D
082D 02AE       822   DW 0686 ; 0795D
082F 02AF       823   DW 0687 ; 0796D
0831 02B0       824   DW 0688 ; 0797D
0833 02B2       825   DW 0690 ; 0798D
0835 02B3       826   DW 0691 ; 0799D
0837 02B4       827   DW 0692 ; 0800D
0839 02B6       828   DW 0694 ; 0801D
083B 02B7       829   DW 0695 ; 0802D
083D 02B9       830   DW 0697 ; 0803D
083F 02BA       831   DW 0698 ; 0804D
0841 02BB       832   DW 0699 ; 0805D
0843 02BD       833   DW 0701 ; 0806D
0845 02BE       834   DW 0702 ; 0807D
0847 02BF       835   DW 0703 ; 0808D
0849 02C1       836   DW 0705 ; 0809D
084B 02C2       837   DW 0706 ; 0810D
084D 02C3       838   DW 0707 ; 0811D
084F 02C5       839   DW 0709 ; 0812D
0851 02C6       840   DW 0710 ; 0813D
0853 02C8       841   DW 0712 ; 0814D
0855 02C9       842   DW 0713 ; 0815D
0857 02CA       843   DW 0714 ; 0816D
0859 02CC       844   DW 0716 ; 0817D
085B 02CD       845   DW 0717 ; 0818D
085D 02CE       846   DW 0718 ; 0819D
085F 02D0       847   DW 0720 ; 0820D
0861 02D1       848   DW 0721 ; 0821D
0863 02D2       849   DW 0722 ; 0822D
0865 02D4       850   DW 0724 ; 0823D
0867 02D5       851   DW 0725 ; 0824D
0869 02D7       852   DW 0727 ; 0825D
086B 02D8       853   DW 0728 ; 0826D
086D 02D9       854   DW 0729 ; 0827D
086F 02DB       855   DW 0731 ; 0828D
0871 02DC       856   DW 0732 ; 0829D
0873 02DD       857   DW 0733 ; 0830D
0875 02DF       858   DW 0735 ; 0831D
0877 02E0       859   DW 0736 ; 0832D
0879 02E1       860   DW 0737 ; 0833D
087B 02E3       861   DW 0739 ; 0834D
087D 02E4       862   DW 0740 ; 0835D
087F 02E6       863   DW 0742 ; 0836D
0881 02E7       864   DW 0743 ; 0837D
0883 02E8       865   DW 0744 ; 0838D
0885 02EA       866   DW 0746 ; 0839D
0887 02EB       867   DW 0747 ; 0840D
0889 02EC       868   DW 0748 ; 0841D
088B 02EE       869   DW 0750 ; 0842D
088D 02EF       870   DW 0751 ; 0843D
088F 02F1       871   DW 0753 ; 0844D
0891 02F2       872   DW 0754 ; 0845D
0893 02F3       873   DW 0755 ; 0846D
0895 02F5       874   DW 0757 ; 0847D
0897 02F6       875   DW 0758 ; 0848D
0899 02F7       876   DW 0759 ; 0849D
089B 02F9       877   DW 0761 ; 0850D
089D 02FA       878   DW 0762 ; 0851D
089F 02FB       879   DW 0763 ; 0852D
08A1 02FD       880   DW 0765 ; 0853D
08A3 02FE       881   DW 0766 ; 0854D
08A5 0300       882   DW 0768 ; 0855D
08A7 0301       883   DW 0769 ; 0856D
08A9 0302       884   DW 0770 ; 0857D
08AB 0304       885   DW 0772 ; 0858D
08AD 0305       886   DW 0773 ; 0859D
08AF 0306       887   DW 0774 ; 0860D
08B1 0308       888   DW 0776 ; 0861D
08B3 0309       889   DW 0777 ; 0862D
08B5 030A       890   DW 0778 ; 0863D
08B7 030C       891   DW 0780 ; 0864D
08B9 030D       892   DW 0781 ; 0865D
08BB 030F       893   DW 0783 ; 0866D
08BD 0310       894   DW 0784 ; 0867D
08BF 0311       895   DW 0785 ; 0868D
08C1 0313       896   DW 0787 ; 0869D
08C3 0314       897   DW 0788 ; 0870D
08C5 0315       898   DW 0789 ; 0871D
08C7 0317       899   DW 0791 ; 0872D
08C9 0318       900   DW 0792 ; 0873D
08CB 0319       901   DW 0793 ; 0874D
08CD 031B       902   DW 0795 ; 0875D
08CF 031C       903   DW 0796 ; 0876D
08D1 031E       904   DW 0798 ; 0877D
08D3 031F       905   DW 0799 ; 0878D
08D5 0320       906   DW 0800 ; 0879D
08D7 0322       907   DW 0802 ; 0880D
08D9 0323       908   DW 0803 ; 0881D
08DB 0324       909   DW 0804 ; 0882D
08DD 0326       910   DW 0806 ; 0883D
08DF 0327       911   DW 0807 ; 0884D
08E1 0328       912   DW 0808 ; 0885D
08E3 032A       913   DW 0810 ; 0886D
08E5 032B       914   DW 0811 ; 0887D
08E7 032D       915   DW 0813 ; 0888D
08E9 032E       916   DW 0814 ; 0889D
08EB 032F       917   DW 0815 ; 0890D
08ED 0331       918   DW 0817 ; 0891D
08EF 0332       919   DW 0818 ; 0892D
08F1 0333       920   DW 0819 ; 0893D
08F3 0335       921   DW 0821 ; 0894D
08F5 0336       922   DW 0822 ; 0895D
08F7 0338       923   DW 0824 ; 0896D
08F9 0339       924   DW 0825 ; 0897D
08FB 033A       925   DW 0826 ; 0898D
08FD 033C       926   DW 0828 ; 0899D
08FF 033D       927   DW 0829 ; 0900D
0901 033E       928   DW 0830 ; 0901D
0903 0340       929   DW 0832 ; 0902D
0905 0341       930   DW 0833 ; 0903D
0907 0342       931   DW 0834 ; 0904D
0909 0344       932   DW 0836 ; 0905D
090B 0345       933   DW 0837 ; 0906D
090D 0347       934   DW 0839 ; 0907D
090F 0348       935   DW 0840 ; 0908D
0911 0349       936   DW 0841 ; 0909D
0913 034B       937   DW 0843 ; 0910D
0915 034C       938   DW 0844 ; 0911D
0917 034D       939   DW 0845 ; 0912D
0919 034F       940   DW 0847 ; 0913D
091B 0350       941   DW 0848 ; 0914D
091D 0351       942   DW 0849 ; 0915D
091F 0353       943   DW 0851 ; 0916D
0921 0354       944   DW 0852 ; 0917D
0923 0356       945   DW 0854 ; 0918D
0925 0357       946   DW 0855 ; 0919D
0927 0358       947   DW 0856 ; 0920D
0929 035A       948   DW 0858 ; 0921D
092B 035B       949   DW 0859 ; 0922D
092D 035C       950   DW 0860 ; 0923D
092F 035E       951   DW 0862 ; 0924D
0931 035F       952   DW 0863 ; 0925D
0933 0360       953   DW 0864 ; 0926D
0935 0362       954   DW 0866 ; 0927D
0937 0363       955   DW 0867 ; 0928D
0939 0365       956   DW 0869 ; 0929D
093B 0366       957   DW 0870 ; 0930D
093D 0367       958   DW 0871 ; 0931D
093F 0369       959   DW 0873 ; 0932D
0941 036A       960   DW 0874 ; 0933D
0943 036B       961   DW 0875 ; 0934D
0945 036D       962   DW 0877 ; 0935D
0947 036E       963   DW 0878 ; 0936D
0949 0370       964   DW 0880 ; 0937D
094B 0371       965   DW 0881 ; 0938D
094D 0372       966   DW 0882 ; 0939D
094F 0374       967   DW 0884 ; 0940D
0951 0375       968   DW 0885 ; 0941D
0953 0376       969   DW 0886 ; 0942D
0955 0378       970   DW 0888 ; 0943D
0957 0379       971   DW 0889 ; 0944D
0959 037A       972   DW 0890 ; 0945D
095B 037C       973   DW 0892 ; 0946D
095D 037D       974   DW 0893 ; 0947D
095F 037F       975   DW 0895 ; 0948D
0961 0380       976   DW 0896 ; 0949D
0963 0381       977   DW 0897 ; 0950D
0965 0383       978   DW 0899 ; 0951D
0967 0384       979   DW 0900 ; 0952D
0969 0385       980   DW 0901 ; 0953D
096B 0387       981   DW 0903 ; 0954D
096D 0388       982   DW 0904 ; 0955D
096F 0389       983   DW 0905 ; 0956D
0971 038B       984   DW 0907 ; 0957D
0973 038C       985   DW 0908 ; 0958D
0975 038E       986   DW 0910 ; 0959D
0977 038F       987   DW 0911 ; 0960D
0979 0390       988   DW 0912 ; 0961D
097B 0392       989   DW 0914 ; 0962D
097D 0393       990   DW 0915 ; 0963D
097F 0394       991   DW 0916 ; 0964D
0981 0396       992   DW 0918 ; 0965D
0983 0397       993   DW 0919 ; 0966D
0985 0398       994   DW 0920 ; 0967D
0987 039A       995   DW 0922 ; 0968D
0989 039B       996   DW 0923 ; 0969D
098B 039D       997   DW 0925 ; 0970D
098D 039E       998   DW 0926 ; 0971D
098F 039F       999   DW 0927 ; 0972D
0991 03A1      1000   DW 0929 ; 0973D
0993 03A2      1001   DW 0930 ; 0974D
0995 03A3      1002   DW 0931 ; 0975D
0997 03A5      1003   DW 0933 ; 0976D
0999 03A6      1004   DW 0934 ; 0977D
099B 03A7      1005   DW 0935 ; 0978D
099D 03A9      1006   DW 0937 ; 0979D
099F 03AA      1007   DW 0938 ; 0980D
09A1 03AC      1008   DW 0940 ; 0981D
09A3 03AD      1009   DW 0941 ; 0982D
09A5 03AE      1010   DW 0942 ; 0983D
09A7 03B0      1011   DW 0944 ; 0984D
09A9 03B1      1012   DW 0945 ; 0985D
09AB 03B2      1013   DW 0946 ; 0986D
09AD 03B4      1014   DW 0948 ; 0987D
09AF 03B5      1015   DW 0949 ; 0988D
09B1 03B7      1016   DW 0951 ; 0989D
09B3 03B8      1017   DW 0952 ; 0990D
09B5 03B9      1018   DW 0953 ; 0991D
09B7 03BB      1019   DW 0955 ; 0992D
09B9 03BC      1020   DW 0956 ; 0993D
09BB 03BD      1021   DW 0957 ; 0994D
09BD 03BF      1022   DW 0959 ; 0995D
09BF 03C0      1023   DW 0960 ; 0996D
09C1 03C1      1024   DW 0961 ; 0997D
09C3 03C3      1025   DW 0963 ; 0998D
09C5 03C4      1026   DW 0964 ; 0999D
09C7 03C6      1027   DW 0966 ; 1000D
09C9 03C7      1028   DW 0967 ; 1001D
09CB 03C8      1029   DW 0968 ; 1002D
09CD 03CA      1030   DW 0970 ; 1003D
09CF 03CB      1031   DW 0971 ; 1004D
09D1 03CC      1032   DW 0972 ; 1005D
09D3 03CE      1033   DW 0974 ; 1006D
09D5 03CF      1034   DW 0975 ; 1007D
09D7 03D0      1035   DW 0976 ; 1008D
09D9 03D2      1036   DW 0978 ; 1009D
09DB 03D3      1037   DW 0979 ; 1010D
09DD 03D5      1038   DW 0981 ; 1011D
09DF 03D6      1039   DW 0982 ; 1012D
09E1 03D7      1040   DW 0983 ; 1013D
09E3 03D9      1041   DW 0985 ; 1014D
09E5 03DA      1042   DW 0986 ; 1015D
09E7 03DB      1043   DW 0987 ; 1016D
09E9 03DD      1044   DW 0989 ; 1017D
09EB 03DE      1045   DW 0990 ; 1018D
09ED 03DF      1046   DW 0991 ; 1019D
09EF 03E1      1047   DW 0993 ; 1020D
09F1 03E2      1048   DW 0994 ; 1021D
09F3 03E4      1049   DW 0996 ; 1022D
09F5 03E5      1050   DW 0997 ; 1023D
09F7           1051   
09F7           1052   Display:
09F7 9001DD    1053            mov dptr, #myLUT
09FA           1054            ; Display Digit 0
09FA E534      1055       mov A, bcd+0
09FC 540F      1056       anl a, #0fh
09FE 93        1057       movc A, @A+dptr
09FF F591      1058       mov HEX0, A
0A01           1059            ; Display Digit 1
0A01 E534      1060       mov A, bcd+0
0A03 C4        1061       swap a
0A04 540F      1062       anl a, #0fh
0A06 93        1063       movc A, @A+dptr
0A07 F592      1064       mov HEX1, A
0A09           1065            ; Display Digit 2
0A09 E535      1066       mov A, bcd+1
0A0B 540F      1067       anl a, #0fh
0A0D 93        1068       movc A, @A+dptr
0A0E F593      1069       mov HEX2, A
0A10 22        1070   ret
0A11           1071   
0A11           1072   positive:
0A11 75947F    1073   mov HEX3, #7FH
0A14 22        1074   ret
0A15           1075   
0A15           1076   signcheck:
0A15 E531      1077   mov a, x+1
0A17 20E704    1078   jb acc.7, negative
0A1A 30E7F4    1079   jnb acc.7, positive              ; Turns off LEDR1 if value is positive
0A1D 22        1080   ret
0A1E           1081   
0A1E           1082   negative:
0A1E 75943F    1083   mov HEX3, #03FH
0A21 E4        1084   clr a
0A22 9530      1085   subb a, x+0
0A24 F530      1086   mov x+0, a
0A26 E4        1087   clr a
0A27 9531      1088   subb a, x+1
0A29 F531      1089   mov x+1, a
0A2B 22        1090   ret
0A2C           1091   
0A2C           1092   lookup:
0A2C 75817F    1093   mov SP, #7FH     ; Initializes the Stack Pointer, set high
0A2F E4        1094   clr a            ; Sets a to zero
0A30 F5E8      1095   mov LEDRA, a    ; Turn off LEDs
0A32 F595      1096   mov LEDRB, a
0A34 F59E      1097   mov LEDRC, a
0A36 F5F8      1098   mov LEDG, a
0A38 F534      1099   mov bcd+0, a
0A3A F535      1100   mov bcd+1, a
0A3C F536      1101   mov bcd+2, a
0A3E           1102   
0A3E           1103   ;takes input and stores in R6 and R7
0A3E AEE8      1104   mov R6, SWA
0A40 E595      1105   mov a, SWB
0A42 5403      1106   anl a, #00000011B
0A44 FF        1107   mov R7, a
0A45           1108   
0A45           1109   ;converts the input to the value of data pointer
0A45 9001F7    1110   mov dptr, #mytable
0A48 EE        1111   mov a, R6
0A49 75F002    1112   mov b, #2
0A4C A4        1113   mul ab
0A4D 2582      1114   add a, dpl
0A4F F582      1115   mov dpl, a
0A51           1116   
0A51 ADF0      1117   mov R5, b
0A53 EF        1118   mov a, R7
0A54 33        1119   rlc a
0A55 2D        1120   add a, R5
0A56 3583      1121   addc a, dph
0A58 F583      1122   mov dph, a
0A5A           1123   
0A5A E4        1124   clr a
0A5B 93        1125   movc a, @a+dptr
0A5C F531      1126   mov x+1, a ; High part from the lookup table
0A5E A3        1127   inc dptr
0A5F E4        1128   clr a
0A60 93        1129   movc a, @a+dptr
0A61 F530      1130   mov x+0, a 
0A63           1131   
0A63 120A15    1132   lcall signcheck
0A66 120003    1133   lcall hex2bcd
0A69 1209F7    1134   lcall Display
0A6C 020A2C    1135   ljmp lookup
0A6F           1136   
0A6F           1137   end
